#
# There is insufficient memory for the Java Runtime Environment to continue.
# Native memory allocation (mmap) failed to map 132120576 bytes for G1 virtual space
# Possible reasons:
#   The system is out of physical RAM or swap space
#   The process is running with CompressedOops enabled, and the Java Heap may be blocking the growth of the native heap
# Possible solutions:
#   Reduce memory load on the system
#   Increase physical memory or swap space
#   Check if swap backing store is full
#   Decrease Java heap size (-Xmx/-Xms)
#   Decrease number of Java threads
#   Decrease Java thread stack sizes (-Xss)
#   Set larger code cache with -XX:ReservedCodeCacheSize=
#   JVM is running with Unscaled Compressed Oops mode in which the Java heap is
#     placed in the first 4GB address space. The Java Heap base address is the
#     maximum limit for the native heap growth. Please use -XX:HeapBaseMinAddress
#     to set the Java Heap base and to place the Java Heap above 4GB virtual address.
# This output file may be truncated or incomplete.
#
#  Out of Memory Error (os_windows.cpp:3559), pid=40680, tid=31068
#
# JRE version:  (17.0.7+7) (build )
# Java VM: OpenJDK 64-Bit Server VM (17.0.7+7, mixed mode, sharing, tiered, compressed oops, compressed class ptrs, g1 gc, windows-amd64)
# No core dump will be written. Minidumps are not enabled by default on client versions of Windows
#

---------------  S U M M A R Y ------------

Command Line: -Dfile.encoding=UTF-8 --module-path=C:\Users\win10\eclipse-workspace\droneProject_212387575\bin -XX:+ShowCodeDetailsInExceptionMessages -Djdk.module.main=droneProject_212387575 droneProject_212387575/droneProject_212387575.LoginForm

Host: 11th Gen Intel(R) Core(TM) i3-1115G4 @ 3.00GHz, 4 cores, 7G,  Windows 11 , 64 bit Build 22621 (10.0.22621.3085)
Time: Mon Mar  4 12:31:33 2024 Jerusalem Standard Time elapsed time: 0.014302 seconds (0d 0h 0m 0s)

---------------  T H R E A D  ---------------

Current thread (0x0000024942ecb300):  JavaThread "Unknown thread" [_thread_in_vm, id=31068, stack(0x000000767a500000,0x000000767a600000)]

Stack: [0x000000767a500000,0x000000767a600000]
Native frames: (J=compiled Java code, j=interpreted, Vv=VM code, C=native code)
V  [jvm.dll+0x67754a]
V  [jvm.dll+0x834304]
V  [jvm.dll+0x835aae]
V  [jvm.dll+0x836113]
V  [jvm.dll+0x24696f]
V  [jvm.dll+0x6743f9]
V  [jvm.dll+0x668c8a]
V  [jvm.dll+0x3061bb]
V  [jvm.dll+0x30d6a6]
V  [jvm.dll+0x35cece]
V  [jvm.dll+0x35d0ff]
V  [jvm.dll+0x2dd048]
V  [jvm.dll+0x2ddfb4]
V  [jvm.dll+0x8066d1]
V  [jvm.dll+0x36ac91]
V  [jvm.dll+0x7e5cec]
V  [jvm.dll+0x3ed56f]
V  [jvm.dll+0x3ef0a1]
C  [jli.dll+0x528b]
C  [ucrtbase.dll+0x29363]
C  [KERNEL32.DLL+0x1257d]
C  [ntdll.dll+0x5aa58]


---------------  P R O C E S S  ---------------

Threads class SMR info:
_java_thread_list=0x00007ffffdfa7018, length=0, elements={
}

Java Threads: ( => current thread )

Other Threads:
  0x0000024942f27df0 GCTaskThread "GC Thread#0" [stack: 0x000000767a600000,0x000000767a700000] [id=15976]
  0x0000024942f38670 ConcurrentGCThread "G1 Main Marker" [stack: 0x000000767a700000,0x000000767a800000] [id=42252]
  0x0000024942f39820 ConcurrentGCThread "G1 Conc#0" [stack: 0x000000767a800000,0x000000767a900000] [id=27060]

[error occurred during error reporting (printing all threads), id 0xc0000005, EXCEPTION_ACCESS_VIOLATION (0xc0000005) at pc=0x00007ffffd77daf7]

VM state: not at safepoint (not fully initialized)

VM Mutex/Monitor currently owned by a thread:  ([mutex/lock_event])
[0x0000024942ec5680] Heap_lock - owner thread: 0x0000024942ecb300

Heap address: 0x0000000083600000, size: 1994 MB, Compressed Oops mode: 32-bit

CDS archive(s) mapped at: [0x0000000000000000-0x0000000000000000-0x0000000000000000), size 0, SharedBaseAddress: 0x0000000800000000, ArchiveRelocationMode: 0.
Narrow klass base: 0x0000000000000000, Narrow klass shift: 0, Narrow klass range: 0x0

GC Precious Log:
<Empty>

Heap:
 garbage-first heap   total 0K, used 0K [0x0000000083600000, 0x0000000100000000)
  region size 1024K, 0 young (0K), 0 survivors (0K)

[error occurred during error reporting (printing heap information), id 0xc0000005, EXCEPTION_ACCESS_VIOLATION (0xc0000005) at pc=0x00007ffffdb60db9]

GC Heap History (0 events):
No events

Dll operation events (1 events):
Event: 0.009 Loaded shared library C:\Users\win10\.p2\pool\plugins\org.eclipse.justj.openjdk.hotspot.jre.full.win32.x86_64_17.0.7.v20230425-1502\jre\bin\java.dll

Deoptimization events (0 events):
No events

Classes unloaded (0 events):
No events

Classes redefined (0 events):
No events

Internal exceptions (0 events):
No events

VM Operations (0 events):
No events

Events (0 events):
No events


Dynamic libraries:
0x00007ff773f70000 - 0x00007ff773f7e000 	C:\Users\win10\.p2\pool\plugins\org.eclipse.justj.openjdk.hotspot.jre.full.win32.x86_64_17.0.7.v20230425-1502\jre\bin\javaw.exe
0x00007ff8825b0000 - 0x00007ff8827c7000 	C:\WINDOWS\SYSTEM32\ntdll.dll
0x00007ff881ae0000 - 0x00007ff881ba4000 	C:\WINDOWS\System32\KERNEL32.DLL
0x00007ff87fd20000 - 0x00007ff8800c6000 	C:\WINDOWS\System32\KERNELBASE.dll
0x00007ff87f990000 - 0x00007ff87faa1000 	C:\WINDOWS\System32\ucrtbase.dll
0x00007ff867570000 - 0x00007ff867587000 	C:\Users\win10\.p2\pool\plugins\org.eclipse.justj.openjdk.hotspot.jre.full.win32.x86_64_17.0.7.v20230425-1502\jre\bin\jli.dll
0x00007ff880b40000 - 0x00007ff880cee000 	C:\WINDOWS\System32\USER32.dll
0x00007ff87fb50000 - 0x00007ff87fb76000 	C:\WINDOWS\System32\win32u.dll
0x00007ff880340000 - 0x00007ff880369000 	C:\WINDOWS\System32\GDI32.dll
0x00007ff87fb80000 - 0x00007ff87fc98000 	C:\WINDOWS\System32\gdi32full.dll
0x00007ff87fab0000 - 0x00007ff87fb4a000 	C:\WINDOWS\System32\msvcp_win.dll
0x00007ff85e630000 - 0x00007ff85e649000 	C:\Users\win10\.p2\pool\plugins\org.eclipse.justj.openjdk.hotspot.jre.full.win32.x86_64_17.0.7.v20230425-1502\jre\bin\VCRUNTIME140.dll
0x00007ff8698a0000 - 0x00007ff869b33000 	C:\WINDOWS\WinSxS\amd64_microsoft.windows.common-controls_6595b64144ccf1df_6.0.22621.2506_none_270c5ae97388e100\COMCTL32.dll
0x00007ff8822e0000 - 0x00007ff882387000 	C:\WINDOWS\System32\msvcrt.dll
0x00007ff880300000 - 0x00007ff880331000 	C:\WINDOWS\System32\IMM32.DLL
0x00007ff87a5a0000 - 0x00007ff87a5ac000 	C:\Users\win10\.p2\pool\plugins\org.eclipse.justj.openjdk.hotspot.jre.full.win32.x86_64_17.0.7.v20230425-1502\jre\bin\vcruntime140_1.dll
0x00007ff84da00000 - 0x00007ff84da91000 	C:\Users\win10\.p2\pool\plugins\org.eclipse.justj.openjdk.hotspot.jre.full.win32.x86_64_17.0.7.v20230425-1502\jre\bin\msvcp140.dll
0x00007ffffd490000 - 0x00007ffffe0d8000 	C:\Users\win10\.p2\pool\plugins\org.eclipse.justj.openjdk.hotspot.jre.full.win32.x86_64_17.0.7.v20230425-1502\jre\bin\server\jvm.dll
0x00007ff881a20000 - 0x00007ff881ad3000 	C:\WINDOWS\System32\ADVAPI32.dll
0x00007ff880d10000 - 0x00007ff880db8000 	C:\WINDOWS\System32\sechost.dll
0x00007ff87f8f0000 - 0x00007ff87f918000 	C:\WINDOWS\System32\bcrypt.dll
0x00007ff881c60000 - 0x00007ff881d77000 	C:\WINDOWS\System32\RPCRT4.dll
0x00007ff86e770000 - 0x00007ff86e7a4000 	C:\WINDOWS\SYSTEM32\WINMM.dll
0x00007ff85c740000 - 0x00007ff85c749000 	C:\WINDOWS\SYSTEM32\WSOCK32.dll
0x00007ff880860000 - 0x00007ff8808d1000 	C:\WINDOWS\System32\WS2_32.dll
0x00007ff87e610000 - 0x00007ff87e61a000 	C:\WINDOWS\SYSTEM32\VERSION.dll
0x00007ff87ea20000 - 0x00007ff87ea38000 	C:\WINDOWS\SYSTEM32\kernel.appcore.dll
0x00007ff871360000 - 0x00007ff87136a000 	C:\Users\win10\.p2\pool\plugins\org.eclipse.justj.openjdk.hotspot.jre.full.win32.x86_64_17.0.7.v20230425-1502\jre\bin\jimage.dll
0x00007ff87ca00000 - 0x00007ff87cc33000 	C:\WINDOWS\SYSTEM32\DBGHELP.DLL
0x00007ff881630000 - 0x00007ff8819b9000 	C:\WINDOWS\System32\combase.dll
0x00007ff8821b0000 - 0x00007ff882287000 	C:\WINDOWS\System32\OLEAUT32.dll
0x00007ff856fb0000 - 0x00007ff856fe2000 	C:\WINDOWS\SYSTEM32\dbgcore.DLL
0x00007ff87fca0000 - 0x00007ff87fd1a000 	C:\WINDOWS\System32\bcryptPrimitives.dll
0x00007ff85c770000 - 0x00007ff85c795000 	C:\Users\win10\.p2\pool\plugins\org.eclipse.justj.openjdk.hotspot.jre.full.win32.x86_64_17.0.7.v20230425-1502\jre\bin\java.dll

dbghelp: loaded successfully - version: 4.0.5 - missing functions: none
symbol engine: initialized successfully - sym options: 0x614 - pdb path: .;C:\Users\win10\.p2\pool\plugins\org.eclipse.justj.openjdk.hotspot.jre.full.win32.x86_64_17.0.7.v20230425-1502\jre\bin;C:\WINDOWS\SYSTEM32;C:\WINDOWS\WinSxS\amd64_microsoft.windows.common-controls_6595b64144ccf1df_6.0.22621.2506_none_270c5ae97388e100;C:\Users\win10\.p2\pool\plugins\org.eclipse.justj.openjdk.hotspot.jre.full.win32.x86_64_17.0.7.v20230425-1502\jre\bin\server

VM Arguments:
jvm_args: -Dfile.encoding=UTF-8 --module-path=C:\Users\win10\eclipse-workspace\droneProject_212387575\bin -XX:+ShowCodeDetailsInExceptionMessages -Djdk.module.main=droneProject_212387575 
java_command: droneProject_212387575/droneProject_212387575.LoginForm
java_class_path (initial): <not set>
Launcher Type: SUN_STANDARD

[Global flags]
     intx CICompilerCount                          = 3                                         {product} {ergonomic}
     uint ConcGCThreads                            = 1                                         {product} {ergonomic}
     uint G1ConcRefinementThreads                  = 4                                         {product} {ergonomic}
   size_t G1HeapRegionSize                         = 1048576                                   {product} {ergonomic}
    uintx GCDrainStackTargetSize                   = 64                                        {product} {ergonomic}
   size_t InitialHeapSize                          = 132120576                                 {product} {ergonomic}
   size_t MarkStackSize                            = 4194304                                   {product} {ergonomic}
   size_t MaxHeapSize                              = 2090860544                                {product} {ergonomic}
   size_t MinHeapDeltaBytes                        = 1048576                                   {product} {ergonomic}
   size_t MinHeapSize                              = 8388608                                   {product} {ergonomic}
    uintx NonNMethodCodeHeapSize                   = 5832780                                {pd product} {ergonomic}
    uintx NonProfiledCodeHeapSize                  = 122912730                              {pd product} {ergonomic}
    uintx ProfiledCodeHeapSize                     = 122912730                              {pd product} {ergonomic}
    uintx ReservedCodeCacheSize                    = 251658240                              {pd product} {ergonomic}
     bool SegmentedCodeCache                       = true                                      {product} {ergonomic}
     bool ShowCodeDetailsInExceptionMessages       = true                                   {manageable} {command line}
   size_t SoftMaxHeapSize                          = 2090860544                             {manageable} {ergonomic}
     bool UseCompressedClassPointers               = true                           {product lp64_product} {ergonomic}
     bool UseCompressedOops                        = true                           {product lp64_product} {ergonomic}
     bool UseG1GC                                  = true                                      {product} {ergonomic}
     bool UseLargePagesIndividualAllocation        = false                                  {pd product} {ergonomic}

Logging:
Log output configuration:
 #0: stdout all=warning uptime,level,tags
 #1: stderr all=off uptime,level,tags

Environment Variables:
PATH=C:/Users/win10/.p2/pool/plugins/org.eclipse.justj.openjdk.hotspot.jre.full.win32.x86_64_17.0.7.v20230425-1502/jre/bin/server;C:/Users/win10/.p2/pool/plugins/org.eclipse.justj.openjdk.hotspot.jre.full.win32.x86_64_17.0.7.v20230425-1502/jre/bin;C:\WINDOWS\system32;C:\WINDOWS;C:\WINDOWS\System32\Wbem;C:\WINDOWS\System32\WindowsPowerShell\v1.0\;C:\WINDOWS\System32\OpenSSH\;C:\Program Files\SourceGear\Common\DiffMerge\;C:\Users\win10\AppData\Local\Programs\Python\Python310\Scripts\;C:\Users\win10\AppData\Local\Programs\Python\Python310\;C:\Users\win10\AppData\Local\Microsoft\WindowsApps;C:\Program Files\CodeBlocks\MinGW\bin;;C:\Users\win10\AppData\Local\Programs\Microsoft VS Code\bin;C:\WINDOWS\system32;
USERNAME=win10
OS=Windows_NT
PROCESSOR_IDENTIFIER=Intel64 Family 6 Model 140 Stepping 1, GenuineIntel
TMP=C:\Users\win10\AppData\Local\Temp
TEMP=C:\Users\win10\AppData\Local\Temp



---------------  S Y S T E M  ---------------

OS:
 Windows 11 , 64 bit Build 22621 (10.0.22621.3085)
OS uptime: 9 days 20:28 hours

CPU: total 4 (initial active 4) (2 cores per cpu, 2 threads per core) family 6 model 140 stepping 1 microcode 0x8a, cx8, cmov, fxsr, ht, mmx, 3dnowpref, sse, sse2, sse3, ssse3, sse4.1, sse4.2, popcnt, lzcnt, tsc, tscinvbit, avx, avx2, aes, erms, clmul, bmi1, bmi2, adx, avx512f, avx512dq, avx512cd, avx512bw, avx512vl, sha, fma, vzeroupper, avx512_vpopcntdq, avx512_vpclmulqdq, avx512_vaes, avx512_vnni, clflush, clflushopt, clwb, avx512_vbmi2, avx512_vbmi

Memory: 4k page, system-wide physical 7971M (573M free)
TotalPageFile size 32547M (AvailPageFile size 91M)
current process WorkingSet (physical memory assigned to process): 11M, peak: 11M
current process commit charge ("private bytes"): 52M, peak: 178M

vm_info: OpenJDK 64-Bit Server VM (17.0.7+7) for windows-amd64 JRE (17.0.7+7), built on Apr 18 2023 22:10:42 by "temurin" with MS VC++ 16.7 (VS2019)

END.
